Building DAG of jobs...
Using shell: /usr/bin/bash
Provided cores: 1 (use --cores to define parallelism)
Rules claiming more threads will be scaled down.
Job stats:
job              count
-------------  -------
custom_snpEff        1
total                1

Select jobs to execute...

[Tue Jul 15 17:18:11 2025]
rule custom_snpEff:
    input: results/raw/reference.fasta, results/snpEff/data/reference_db/genes.gbk
    output: results/snpEff/snpEff.config
    jobid: 0
    reason: Missing output files: results/snpEff/snpEff.config
    resources: tmpdir=/tmp

[Tue Jul 15 17:18:12 2025]
Finished job 0.
1 of 1 steps (100%) done
Complete log: .snakemake/log/2025-07-15T171811.377880.snakemake.log
