Building DAG of jobs...
Using shell: /usr/bin/bash
Provided cores: 1 (use --cores to define parallelism)
Rules claiming more threads will be scaled down.
Job stats:
job          count
---------  -------
alignment        1
total            1

Select jobs to execute...

[Tue Jul 15 14:38:11 2025]
rule alignment:
    input: results/raw/reference.fasta, results/raw/SRR1972739.fastq
    output: results/aligned/aligned.sam
    jobid: 0
    reason: Missing output files: results/aligned/aligned.sam
    resources: tmpdir=/tmp

[Tue Jul 15 14:38:13 2025]
Finished job 0.
1 of 1 steps (100%) done
Complete log: .snakemake/log/2025-07-15T143811.096769.snakemake.log
