Building DAG of jobs...
Using shell: /usr/bin/bash
Provided cores: 1 (use --cores to define parallelism)
Rules claiming more threads will be scaled down.
Job stats:
job         count
--------  -------
samtools        1
total           1

Select jobs to execute...

[Tue Jul 15 14:01:51 2025]
rule samtools:
    input: results/raw/reference.fasta
    output: results/raw/reference.fasta.fai
    jobid: 0
    reason: Missing output files: results/raw/reference.fasta.fai
    resources: tmpdir=/tmp

[Tue Jul 15 14:01:51 2025]
Finished job 0.
1 of 1 steps (100%) done
Complete log: .snakemake/log/2025-07-15T140150.547627.snakemake.log
