Building DAG of jobs...
Using shell: /usr/bin/bash
Provided cores: 1 (use --cores to define parallelism)
Rules claiming more threads will be scaled down.
Job stats:
job      count
-----  -------
data         1
total        1

Select jobs to execute...

[Tue Jul 15 03:55:42 2025]
rule data:
    output: results/raw/SRR1972739.fastq
    jobid: 0
    reason: Missing output files: results/raw/SRR1972739.fastq
    resources: tmpdir=/tmp

[Tue Jul 15 03:55:42 2025]
Error in rule data:
    jobid: 0
    output: results/raw/SRR1972739.fastq
    shell:
        
        prefetch $SRA -O $RAW_DIR
        fastq-dump -X 10000 $RAW_DIR/$SRR1972739/$SRR1972739.sra -O $RAW_DIR
        
        (one of the commands exited with non-zero exit code; note that snakemake uses bash strict mode!)

Shutting down, this might take some time.
Exiting because a job execution failed. Look above for error message
Complete log: .snakemake/log/2025-07-15T035542.377619.snakemake.log
