Building DAG of jobs...
Using shell: /usr/bin/bash
Provided cores: 1 (use --cores to define parallelism)
Rules claiming more threads will be scaled down.
Job stats:
job      count
-----  -------
data         1
total        1

Select jobs to execute...

[Tue Jul 15 03:59:37 2025]
rule data:
    output: results/raw/SRR1972739.fastq
    jobid: 0
    reason: Missing output files: results/raw/SRR1972739.fastq
    resources: tmpdir=/tmp

[Tue Jul 15 03:59:38 2025]
Finished job 0.
1 of 1 steps (100%) done
Complete log: .snakemake/log/2025-07-15T035936.515789.snakemake.log
