Building DAG of jobs...
Using shell: /usr/bin/bash
Provided cores: 1 (use --cores to define parallelism)
Rules claiming more threads will be scaled down.
Job stats:
job        count
-------  -------
sam2bam        1
total          1

Select jobs to execute...

[Tue Jul 15 14:43:35 2025]
rule sam2bam:
    input: results/aligned/aligned.sam
    output: results/aligned/aligned.sorted.bam
    jobid: 0
    reason: Missing output files: results/aligned/aligned.sorted.bam
    resources: tmpdir=/tmp

[Tue Jul 15 14:43:35 2025]
Finished job 0.
1 of 1 steps (100%) done
Complete log: .snakemake/log/2025-07-15T144334.464161.snakemake.log
