Building DAG of jobs...
Using shell: /usr/bin/bash
Provided cores: 1 (use --cores to define parallelism)
Rules claiming more threads will be scaled down.
Job stats:
job           count
----------  -------
duplicates        1
total             1

Select jobs to execute...

[Tue Jul 15 16:25:56 2025]
rule duplicates:
    input: results/aligned/aligned.sorted.bam
    output: results/aligned/dup_metrics.txt, results/aligned/dedup.bam
    jobid: 0
    reason: Missing output files: results/aligned/dedup.bam, results/aligned/dup_metrics.txt
    resources: tmpdir=/tmp

[Tue Jul 15 16:26:01 2025]
Finished job 0.
1 of 1 steps (100%) done
Complete log: .snakemake/log/2025-07-15T162556.364212.snakemake.log
