Building DAG of jobs...
Using shell: /usr/bin/bash
Provided cores: 1 (use --cores to define parallelism)
Rules claiming more threads will be scaled down.
Job stats:
job      count
-----  -------
fasta        1
total        1

Select jobs to execute...

[Tue Jul 15 17:17:47 2025]
rule fasta:
    output: results/raw/reference.fasta
    jobid: 0
    reason: Code has changed since last execution
    resources: tmpdir=/tmp

[Tue Jul 15 17:17:47 2025]
Finished job 0.
1 of 1 steps (100%) done
Complete log: .snakemake/log/2025-07-15T171746.557251.snakemake.log
