Building DAG of jobs...
Using shell: /usr/bin/bash
Provided cores: 1 (use --cores to define parallelism)
Rules claiming more threads will be scaled down.
Job stats:
job                count
---------------  -------
duplicates             1
variant_calling        1
total                  2

Select jobs to execute...

[Tue Jul 15 16:49:17 2025]
rule duplicates:
    input: results/aligned/aligned.sorted.bam
    output: results/aligned/dup_metrics.txt, results/aligned/dedup.bam
    jobid: 1
    reason: Missing output files: results/aligned/dedup.bam
    resources: tmpdir=/tmp

[Tue Jul 15 16:49:21 2025]
Finished job 1.
1 of 2 steps (50%) done
Select jobs to execute...

[Tue Jul 15 16:49:21 2025]
rule variant_calling:
    input: results/aligned/dedup.bam, results/raw/reference.fasta
    output: results/variants/raw_variants.vcf
    jobid: 0
    reason: Missing output files: results/variants/raw_variants.vcf; Input files updated by another job: results/aligned/dedup.bam
    resources: tmpdir=/tmp

[Tue Jul 15 16:50:00 2025]
Finished job 0.
2 of 2 steps (100%) done
Complete log: .snakemake/log/2025-07-15T164916.742715.snakemake.log
