Building DAG of jobs...
Using shell: /usr/bin/bash
Provided cores: 1 (use --cores to define parallelism)
Rules claiming more threads will be scaled down.
Job stats:
job       count
------  -------
fastqc        1
total         1

Select jobs to execute...

[Tue Jul 15 13:50:13 2025]
rule fastqc:
    input: results/raw/SRR1972739.fastq
    output: results/qc/SRR1972739_fastqc.html, results/qc/SRR1972739_fastqc.zip
    jobid: 0
    reason: Missing output files: results/qc/SRR1972739_fastqc.html, results/qc/SRR1972739_fastqc.zip
    resources: tmpdir=/tmp

[Tue Jul 15 13:50:18 2025]
Finished job 0.
1 of 1 steps (100%) done
Complete log: .snakemake/log/2025-07-15T135011.678335.snakemake.log
