Building DAG of jobs...
Using shell: /usr/bin/bash
Provided cores: 1 (use --cores to define parallelism)
Rules claiming more threads will be scaled down.
Job stats:
job           count
----------  -------
dictionary        1
total             1

Select jobs to execute...

[Tue Jul 15 14:19:59 2025]
rule dictionary:
    input: results/raw/reference.fasta
    output: results/raw/reference.dict
    jobid: 0
    reason: Missing output files: results/raw/reference.dict
    resources: tmpdir=/tmp

[Tue Jul 15 14:20:02 2025]
Finished job 0.
1 of 1 steps (100%) done
Complete log: .snakemake/log/2025-07-15T141958.494435.snakemake.log
