Building DAG of jobs...
Using shell: /usr/bin/bash
Provided cores: 1 (use --cores to define parallelism)
Rules claiming more threads will be scaled down.
Job stats:
job        count
-------  -------
ganbank        1
total          1

Select jobs to execute...

[Tue Jul 15 17:04:15 2025]
rule ganbank:
    output: results/snpEff/data/reference_db/genes.gbk
    jobid: 0
    reason: Missing output files: results/snpEff/data/reference_db/genes.gbk
    resources: tmpdir=/tmp

[Tue Jul 15 17:04:15 2025]
Error in rule ganbank:
    jobid: 0
    output: results/snpEff/data/reference_db/genes.gbk
    shell:
        efetch -db nucleotide -id $REF_ID -format genbank > results/snpEff/data/reference_db/genes.gbk
        (one of the commands exited with non-zero exit code; note that snakemake uses bash strict mode!)

Shutting down, this might take some time.
Exiting because a job execution failed. Look above for error message
Complete log: .snakemake/log/2025-07-15T170414.398219.snakemake.log
