Building DAG of jobs...
Using shell: /usr/bin/bash
Provided cores: 1 (use --cores to define parallelism)
Rules claiming more threads will be scaled down.
Job stats:
job         count
--------  -------
indexing        1
total           1

Select jobs to execute...

[Tue Jul 15 16:30:07 2025]
rule indexing:
    input: results/aligned/dedup.bam
    output: results/aligned/dedup.bam.bai
    jobid: 0
    reason: Missing output files: results/aligned/dedup.bam.bai
    resources: tmpdir=/tmp

[Tue Jul 15 16:30:07 2025]
Finished job 0.
1 of 1 steps (100%) done
Complete log: .snakemake/log/2025-07-15T163006.744661.snakemake.log
