Building DAG of jobs...
Using shell: /usr/bin/bash
Provided cores: 1 (use --cores to define parallelism)
Rules claiming more threads will be scaled down.
Job stats:
job             count
------------  -------
validate_bam        1
total               1

Select jobs to execute...

[Tue Jul 15 16:18:04 2025]
rule validate_bam:
    input: results/aligned/aligned.sorted.bam
    output: results/aligned/aligned.sorted.bam.validation.txt
    jobid: 0
    reason: Missing output files: results/aligned/aligned.sorted.bam.validation.txt
    resources: tmpdir=/tmp

[Tue Jul 15 16:18:07 2025]
Finished job 0.
1 of 1 steps (100%) done
Complete log: .snakemake/log/2025-07-15T161803.959370.snakemake.log
