Building DAG of jobs...
Using shell: /usr/bin/bash
Provided cores: 1 (use --cores to define parallelism)
Rules claiming more threads will be scaled down.
Job stats:
job          count
---------  -------
filtering        1
total            1

Select jobs to execute...

[Tue Jul 15 16:58:21 2025]
rule filtering:
    input: results/raw/reference.fasta, results/variants/raw_variants.vcf
    output: results/variants/filtered_variants.vcf
    jobid: 0
    reason: Missing output files: results/variants/filtered_variants.vcf
    resources: tmpdir=/tmp

[Tue Jul 15 16:58:25 2025]
Finished job 0.
1 of 1 steps (100%) done
Complete log: .snakemake/log/2025-07-15T165821.289382.snakemake.log
