Building DAG of jobs...
Using shell: /usr/bin/bash
Provided cores: 1 (use --cores to define parallelism)
Rules claiming more threads will be scaled down.
Job stats:
job                count
---------------  -------
variant_calling        1
total                  1

Select jobs to execute...

[Tue Jul 15 16:48:14 2025]
rule variant_calling:
    input: results/raw/reference.fasta
    output: results/aligned/dedup.bam, results/variants/raw_variants.vcf
    jobid: 0
    reason: Missing output files: results/variants/raw_variants.vcf
    resources: tmpdir=/tmp

[Tue Jul 15 16:48:17 2025]
Error in rule variant_calling:
    jobid: 0
    input: results/raw/reference.fasta
    output: results/aligned/dedup.bam, results/variants/raw_variants.vcf
    shell:
        gatk HaplotypeCaller -R results/raw/reference.fasta -I results/aligned/dedup.bam -O results/variants/raw_variants.vcf
        (one of the commands exited with non-zero exit code; note that snakemake uses bash strict mode!)

Shutting down, this might take some time.
Exiting because a job execution failed. Look above for error message
Complete log: .snakemake/log/2025-07-15T164813.789350.snakemake.log
